<?xml version="1.0" encoding="UTF-8"?>
<!-- Generated by org.testng.reporters.JUnitReportReporter -->
<testsuite hostname="CHE7-L21417" failures="0" tests="1" name="com.appspot.cp0806.createlibrarytest.TagsTest" time="29.839" errors="0" timestamp="2022-10-18T14:37:00 IST" skipped="0">
  <testcase classname="com.appspot.cp0806.createlibrarytest.TagsTest" name="runTagsCreation" time="29.839"/>
  <system-out/>
</testsuite> <!-- com.appspot.cp0806.createlibrarytest.TagsTest -->
