<?xml version="1.0" encoding="UTF-8"?>
<!-- Generated by org.testng.reporters.JUnitReportReporter -->
<testsuite hostname="CHE7-L21417" failures="0" tests="9" name="com.appspot.cp0806.createlibrarytest.vdemContributorMoveFeature" time="112.633" errors="0" timestamp="2022-09-20T13:03:31 IST" skipped="0">
  <testcase classname="com.appspot.cp0806.createlibrarytest.vdemContributorMoveFeature" name="runlib" time="1.895"/>
  <system-out/>
  <testcase classname="com.appspot.cp0806.createlibrarytest.vdemContributorMoveFeature" name="runFileContributor" time="14.519"/>
  <system-out/>
  <testcase classname="com.appspot.cp0806.createlibrarytest.vdemContributorMoveFeature" name="runOtherFileContributor" time="10.468"/>
  <system-out/>
  <testcase classname="com.appspot.cp0806.createlibrarytest.vdemContributorMoveFeature" name="runOtherFileContributorReverse" time="15.304"/>
  <system-out/>
  <testcase classname="com.appspot.cp0806.createlibrarytest.vdemContributorMoveFeature" name="runFolderContributor" time="25.413"/>
  <system-out/>
  <testcase classname="com.appspot.cp0806.createlibrarytest.vdemContributorMoveFeature" name="runOtherFolderContributor" time="3.895"/>
  <system-out/>
  <testcase classname="com.appspot.cp0806.createlibrarytest.vdemContributorMoveFeature" name="runOtherFolderContributorReverse" time="3.959"/>
  <system-out/>
  <testcase classname="com.appspot.cp0806.createlibrarytest.vdemContributorMoveFeature" name="runFolderContributorReverse" time="21.362"/>
  <system-out/>
  <testcase classname="com.appspot.cp0806.createlibrarytest.vdemContributorMoveFeature" name="runFileContributorReverse" time="15.818"/>
  <system-out/>
</testsuite> <!-- com.appspot.cp0806.createlibrarytest.vdemContributorMoveFeature -->
