<?xml version="1.0" encoding="UTF-8"?>
<!-- Generated by org.testng.reporters.JUnitReportReporter -->
<testsuite hostname="CHE7-L21417" failures="0" tests="6" name="com.appspot.cp0806.createlibrarytest.CopyFolderFileTest" time="106.332" errors="0" timestamp="2022-10-18T10:07:11 IST" skipped="0">
  <testcase classname="com.appspot.cp0806.createlibrarytest.CopyFolderFileTest" name="runCreateFolderFile" time="60.607"/>
  <system-out/>
  <testcase classname="com.appspot.cp0806.createlibrarytest.CopyFolderFileTest" name="runDeleteData" time="8.969"/>
  <system-out/>
  <testcase classname="com.appspot.cp0806.createlibrarytest.CopyFolderFileTest" name="runCopyFolderFile1" time="14.328"/>
  <system-out/>
  <testcase classname="com.appspot.cp0806.createlibrarytest.CopyFolderFileTest" name="runDeleteData" time="5.731"/>
  <system-out/>
  <testcase classname="com.appspot.cp0806.createlibrarytest.CopyFolderFileTest" name="runCopyFolderFile" time="14.025"/>
  <system-out/>
  <testcase classname="com.appspot.cp0806.createlibrarytest.CopyFolderFileTest" name="runVerifyFolderFile" time="2.672"/>
  <system-out/>
</testsuite> <!-- com.appspot.cp0806.createlibrarytest.CopyFolderFileTest -->
