<?xml version="1.0" encoding="UTF-8"?>
<!-- Generated by org.testng.reporters.JUnitReportReporter -->
<testsuite hostname="CHE7-L21417" failures="0" tests="1" name="com.appspot.cp0806.createlibrarytest.LibraryDetailsTest" time="9.771" errors="0" timestamp="2022-10-18T14:32:35 IST" skipped="0">
  <testcase classname="com.appspot.cp0806.createlibrarytest.LibraryDetailsTest" name="runLibraryDetails" time="9.771"/>
  <system-out/>
</testsuite> <!-- com.appspot.cp0806.createlibrarytest.LibraryDetailsTest -->
