<?xml version="1.0" encoding="UTF-8"?>
<!-- Generated by org.testng.reporters.JUnitReportReporter -->
<testsuite hostname="CHE7-L21417" failures="0" tests="1" name="com.appspot.cp0806.createlibrarytest.DeleteFolderTest" time="7.817" errors="0" timestamp="2022-09-26T09:21:40 IST" skipped="0">
  <testcase classname="com.appspot.cp0806.createlibrarytest.DeleteFolderTest" name="runDeleteFolder" time="7.817"/>
  <system-out/>
</testsuite> <!-- com.appspot.cp0806.createlibrarytest.DeleteFolderTest -->
