<?xml version="1.0" encoding="UTF-8"?>
<!-- Generated by org.testng.reporters.JUnitReportReporter -->
<testsuite hostname="CHE7-L21417" failures="0" tests="2" name="com.appspot.cp0806.createlibrarytest.ContributorNewIconCheck" time="19.845" errors="0" timestamp="2022-10-17T16:22:11 IST" skipped="0">
  <testcase classname="com.appspot.cp0806.createlibrarytest.ContributorNewIconCheck" name="runlib" time="9.748"/>
  <system-out/>
  <testcase classname="com.appspot.cp0806.createlibrarytest.ContributorNewIconCheck" name="runlib" time="10.097"/>
  <system-out/>
</testsuite> <!-- com.appspot.cp0806.createlibrarytest.ContributorNewIconCheck -->
