<?xml version="1.0" encoding="UTF-8"?>
<!-- Generated by org.testng.reporters.JUnitReportReporter -->
<testsuite hostname="CHE7-L21417" failures="0" tests="2" name="com.appspot.cp0806.createlibrarytest.UpdateFileTest" time="65.446" errors="0" timestamp="2022-10-18T14:40:53 IST" skipped="0">
  <testcase classname="com.appspot.cp0806.createlibrarytest.UpdateFileTest" name="runFile" time="56.007"/>
  <system-out/>
  <testcase classname="com.appspot.cp0806.createlibrarytest.UpdateFileTest" name="runUpdateFile" time="9.439"/>
  <system-out/>
</testsuite> <!-- com.appspot.cp0806.createlibrarytest.UpdateFileTest -->
