<?xml version="1.0" encoding="UTF-8"?>
<!-- Generated by org.testng.reporters.JUnitReportReporter -->
<testsuite hostname="CHE7-L21417" failures="0" tests="2" name="com.appspot.cp0806.createlibrarytest.UpdateFolderTest" time="42.636" errors="0" timestamp="2022-10-18T14:42:30 IST" skipped="0">
  <testcase classname="com.appspot.cp0806.createlibrarytest.UpdateFolderTest" name="runFolder" time="34.218"/>
  <system-out/>
  <testcase classname="com.appspot.cp0806.createlibrarytest.UpdateFolderTest" name="runUpdateFolder" time="8.418"/>
  <system-out/>
</testsuite> <!-- com.appspot.cp0806.createlibrarytest.UpdateFolderTest -->
