<?xml version="1.0" encoding="UTF-8"?>
<!-- Generated by org.testng.reporters.JUnitReportReporter -->
<testsuite hostname="CHE7-L21417" failures="0" tests="2" name="com.appspot.cp0806.createlibrarytest.DocumentDetailsTest" time="43.402" errors="0" timestamp="2022-10-18T10:20:27 IST" skipped="0">
  <testcase classname="com.appspot.cp0806.createlibrarytest.DocumentDetailsTest" name="runCreateFile" time="36.164"/>
  <system-out/>
  <testcase classname="com.appspot.cp0806.createlibrarytest.DocumentDetailsTest" name="runDocumentDeatils" time="7.238"/>
  <system-out/>
</testsuite> <!-- com.appspot.cp0806.createlibrarytest.DocumentDetailsTest -->
