<?xml version="1.0" encoding="UTF-8"?>
<!-- Generated by org.testng.reporters.JUnitReportReporter -->
<testsuite hostname="CHE7-L21417" failures="0" tests="1" name="com.appspot.cp0806.createlibrarytest.CreateFolderTestWidInherit" time="25.388" errors="0" timestamp="2022-10-18T10:17:59 IST" skipped="0">
  <testcase classname="com.appspot.cp0806.createlibrarytest.CreateFolderTestWidInherit" name="runFolderWidInherit" time="25.388"/>
  <system-out/>
</testsuite> <!-- com.appspot.cp0806.createlibrarytest.CreateFolderTestWidInherit -->
