<?xml version="1.0" encoding="UTF-8"?>
<!-- Generated by org.testng.reporters.JUnitReportReporter -->
<testsuite hostname="CHE7-L21417" failures="0" tests="3" name="com.appspot.cp0806.createlibrarytest.MultipleDocumentWorkflowApprovalTest" time="91.480" errors="0" timestamp="2022-10-18T15:42:19 IST" skipped="0">
  <testcase classname="com.appspot.cp0806.createlibrarytest.MultipleDocumentWorkflowApprovalTest" name="runNewFile1" time="21.920"/>
  <system-out/>
  <testcase classname="com.appspot.cp0806.createlibrarytest.MultipleDocumentWorkflowApprovalTest" name="runNewFile2" time="18.975"/>
  <system-out/>
  <testcase classname="com.appspot.cp0806.createlibrarytest.MultipleDocumentWorkflowApprovalTest" name="runDynamicApproval" time="50.585"/>
  <system-out/>
</testsuite> <!-- com.appspot.cp0806.createlibrarytest.MultipleDocumentWorkflowApprovalTest -->
