<?xml version="1.0" encoding="UTF-8"?>
<!-- Generated by org.testng.reporters.JUnitReportReporter -->
<testsuite hostname="CHE7-L21417" failures="0" tests="9" name="com.appspot.cp0806.createlibrarytest.vdemViewerMoveFeature" time="132.095" errors="0" timestamp="2022-09-20T13:07:17 IST" skipped="0">
  <testcase classname="com.appspot.cp0806.createlibrarytest.vdemViewerMoveFeature" name="runFolderViewerReverse" time="22.469"/>
  <system-out/>
  <testcase classname="com.appspot.cp0806.createlibrarytest.vdemViewerMoveFeature" name="runFileViewerReverse" time="19.637"/>
  <system-out/>
  <testcase classname="com.appspot.cp0806.createlibrarytest.vdemViewerMoveFeature" name="runOtherFolderViewer" time="12.672"/>
  <system-out/>
  <testcase classname="com.appspot.cp0806.createlibrarytest.vdemViewerMoveFeature" name="runFileViewer" time="22.022"/>
  <system-out/>
  <testcase classname="com.appspot.cp0806.createlibrarytest.vdemViewerMoveFeature" name="runFolderViewer" time="22.447"/>
  <system-out/>
  <testcase classname="com.appspot.cp0806.createlibrarytest.vdemViewerMoveFeature" name="runOtherFolderViewerReverse" time="11.529"/>
  <system-out/>
  <testcase classname="com.appspot.cp0806.createlibrarytest.vdemViewerMoveFeature" name="runlib" time="1.944"/>
  <system-out/>
  <testcase classname="com.appspot.cp0806.createlibrarytest.vdemViewerMoveFeature" name="runOtherFileViewerReverse" time="6.351"/>
  <system-out/>
  <testcase classname="com.appspot.cp0806.createlibrarytest.vdemViewerMoveFeature" name="runOtherFileViewer" time="13.024"/>
  <system-out/>
</testsuite> <!-- com.appspot.cp0806.createlibrarytest.vdemViewerMoveFeature -->
