<?xml version="1.0" encoding="UTF-8"?>
<!-- Generated by org.testng.reporters.JUnitReportReporter -->
<testsuite hostname="CHE7-L21417" failures="0" tests="3" name="com.appspot.cp0806.createlibrarytest.DynamicTest" time="80.712" errors="0" timestamp="2022-10-07T11:29:10 IST" skipped="0">
  <testcase classname="com.appspot.cp0806.createlibrarytest.DynamicTest" name="runDynamicWorkFlow" time="33.984"/>
  <system-out/>
  <testcase classname="com.appspot.cp0806.createlibrarytest.DynamicTest" name="runDynamicFile" time="30.497"/>
  <system-out/>
  <testcase classname="com.appspot.cp0806.createlibrarytest.DynamicTest" name="runDeleteData" time="16.231"/>
  <system-out/>
</testsuite> <!-- com.appspot.cp0806.createlibrarytest.DynamicTest -->
