<?xml version="1.0" encoding="UTF-8"?>
<!-- Generated by org.testng.reporters.JUnitReportReporter -->
<testsuite hostname="CHE7-L21417" failures="0" tests="1" name="com.appspot.cp0806.createlibrarytest.DeleteFileTest" time="14.479" errors="0" timestamp="2022-09-26T09:23:18 IST" skipped="0">
  <testcase classname="com.appspot.cp0806.createlibrarytest.DeleteFileTest" name="runDeleteFile" time="14.479"/>
  <system-out/>
</testsuite> <!-- com.appspot.cp0806.createlibrarytest.DeleteFileTest -->
