<?xml version="1.0" encoding="UTF-8"?>
<!-- Generated by org.testng.reporters.JUnitReportReporter -->
<testsuite hostname="CHE7-L21417" failures="0" tests="1" name="com.appspot.cp0806.createlibrarytest.ManagerRemoveFileFolderAccessForContributor" time="16.373" errors="0" timestamp="2022-10-17T16:22:11 IST" skipped="0">
  <testcase classname="com.appspot.cp0806.createlibrarytest.ManagerRemoveFileFolderAccessForContributor" name="runContributorLibraryLevelPermission" time="16.373"/>
  <system-out/>
</testsuite> <!-- com.appspot.cp0806.createlibrarytest.ManagerRemoveFileFolderAccessForContributor -->
