<?xml version="1.0" encoding="UTF-8"?>
<!-- Generated by org.testng.reporters.JUnitReportReporter -->
<testsuite hostname="CHE7-L21417" failures="0" tests="3" name="com.appspot.cp0806.createlibrarytest.DynamicApprovalTest" time="76.431" errors="0" timestamp="2022-09-26T09:37:16 IST" skipped="0">
  <testcase classname="com.appspot.cp0806.createlibrarytest.DynamicApprovalTest" name="runNewFile1" time="20.581"/>
  <system-out/>
  <testcase classname="com.appspot.cp0806.createlibrarytest.DynamicApprovalTest" name="runNewFile2" time="12.111"/>
  <system-out/>
  <testcase classname="com.appspot.cp0806.createlibrarytest.DynamicApprovalTest" name="runDynamicApproval" time="43.739"/>
  <system-out/>
</testsuite> <!-- com.appspot.cp0806.createlibrarytest.DynamicApprovalTest -->
