<?xml version="1.0" encoding="UTF-8"?>
<!-- Generated by org.testng.reporters.JUnitReportReporter -->
<testsuite hostname="CHE7-L21417" failures="0" tests="2" name="com.appspot.cp0806.createlibrarytest.FileApprovalWorkFlow" time="65.578" errors="0" timestamp="2022-10-18T14:28:12 IST" skipped="0">
  <testcase classname="com.appspot.cp0806.createlibrarytest.FileApprovalWorkFlow" name="runNewFile" time="27.201"/>
  <system-out/>
  <testcase classname="com.appspot.cp0806.createlibrarytest.FileApprovalWorkFlow" name="runFileApproval" time="38.377"/>
  <system-out/>
</testsuite> <!-- com.appspot.cp0806.createlibrarytest.FileApprovalWorkFlow -->
