<?xml version="1.0" encoding="UTF-8"?>
<!-- Generated by org.testng.reporters.JUnitReportReporter -->
<testsuite hostname="CHE7-L21417" failures="0" tests="10" name="com.appspot.cp0806.createlibrarytest.ContributorMoveFeature" time="175.528" errors="0" timestamp="2022-09-26T12:30:30 IST" skipped="0">
  <testcase classname="com.appspot.cp0806.createlibrarytest.ContributorMoveFeature" name="runNewFolder" time="20.026"/>
  <system-out/>
  <testcase classname="com.appspot.cp0806.createlibrarytest.ContributorMoveFeature" name="runNewSubFile" time="19.798"/>
  <system-out/>
  <testcase classname="com.appspot.cp0806.createlibrarytest.ContributorMoveFeature" name="runNewSubFile" time="19.952"/>
  <system-out/>
  <testcase classname="com.appspot.cp0806.createlibrarytest.ContributorMoveFeature" name="runNewSubFile" time="21.306"/>
  <system-out/>
  <testcase classname="com.appspot.cp0806.createlibrarytest.ContributorMoveFeature" name="runNewSubFolder" time="24.086"/>
  <system-out/>
  <testcase classname="com.appspot.cp0806.createlibrarytest.ContributorMoveFeature" name="runNewSubFolder" time="28.136"/>
  <system-out/>
  <testcase classname="com.appspot.cp0806.createlibrarytest.ContributorMoveFeature" name="runNewFile" time="13.413"/>
  <system-out/>
  <testcase classname="com.appspot.cp0806.createlibrarytest.ContributorMoveFeature" name="runlib" time="4.770"/>
  <system-out/>
  <testcase classname="com.appspot.cp0806.createlibrarytest.ContributorMoveFeature" name="runNewFolder" time="9.279"/>
  <system-out/>
  <testcase classname="com.appspot.cp0806.createlibrarytest.ContributorMoveFeature" name="runNewFolder" time="14.762"/>
  <system-out/>
</testsuite> <!-- com.appspot.cp0806.createlibrarytest.ContributorMoveFeature -->
