<?xml version="1.0" encoding="UTF-8"?>
<!-- Generated by org.testng.reporters.JUnitReportReporter -->
<testsuite hostname="CHE7-L21417" failures="0" tests="4" name="com.appspot.cp0806.createlibrarytest.DocumentVersionTest" time="114.804" errors="0" timestamp="2022-10-18T14:18:13 IST" skipped="0">
  <testcase classname="com.appspot.cp0806.createlibrarytest.DocumentVersionTest" name="runVersionCreation" time="15.307"/>
  <system-out/>
  <testcase classname="com.appspot.cp0806.createlibrarytest.DocumentVersionTest" name="runVersionFile" time="57.726"/>
  <system-out/>
  <testcase classname="com.appspot.cp0806.createlibrarytest.DocumentVersionTest" name="runVersionCreationWrokFlow" time="40.758"/>
  <system-out/>
  <testcase classname="com.appspot.cp0806.createlibrarytest.DocumentVersionTest" name="runDeleteData" time="1.013"/>
  <system-out/>
</testsuite> <!-- com.appspot.cp0806.createlibrarytest.DocumentVersionTest -->
